[2025-09-28 21:45:37] [INFO] [1.91MB] [OMPLETED] Lead Data Collector initialized
[2025-09-28 21:45:37] [INFO] [1.91MB] [OMPLETED] Unified Data Processor initialized
[2025-09-28 21:45:37] [INFO] [1.91MB] [no-session] Lead Data Collector initialized
[2025-09-28 21:45:37] [INFO] [1.91MB] [no-session] Unified Data Processor initialized
[2025-09-28 21:45:37] [INFO] [1.92MB] [OMPLETED] UTM Consistency Manager initialized
[2025-09-28 21:45:37] [INFO] [1.92MB] [OMPLETED] Lead Conversion Tracker initialized
[2025-09-28 21:45:37] [INFO] [1.92MB] [no-session] UTM Consistency Manager initialized
[2025-09-28 21:45:37] [INFO] [1.93MB] [OMPLETED] Google Sheets Integration initialized | {"webhook_configured":true}
[2025-09-28 21:45:37] [INFO] [1.92MB] [no-session] Lead Conversion Tracker initialized
[2025-09-28 21:45:37] [INFO] [1.93MB] [OMPLETED] BSP_Database_Unified initialized
[2025-09-28 21:45:37] [INFO] [1.93MB] [no-session] Google Sheets Integration initialized | {"webhook_configured":true}
[2025-09-28 21:45:37] [INFO] [1.93MB] [OMPLETED] Database tables initialized | {"bookings":"wp_bsp_bookings","companies":"wp_bsp_companies","services":"wp_bsp_services","customers":"wp_bsp_customers","availability":"wp_bsp_availability","email_logs":"wp_bsp_email_logs","settings":"wp_bsp_settings","incomplete_leads":"wp_bsp_incomplete_leads"}
[2025-09-28 21:45:37] [INFO] [1.93MB] [no-session] BSP_Database_Unified initialized
[2025-09-28 21:45:37] [INFO] [1.93MB] [OMPLETED] Safe Variable Integration initialized
[2025-09-28 21:45:37] [INFO] [1.93MB] [no-session] Database tables initialized | {"bookings":"wp_bsp_bookings","companies":"wp_bsp_companies","services":"wp_bsp_services","customers":"wp_bsp_customers","availability":"wp_bsp_availability","email_logs":"wp_bsp_email_logs","settings":"wp_bsp_settings","incomplete_leads":"wp_bsp_incomplete_leads"}
[2025-09-28 21:45:37] [INFO] [1.93MB] [OMPLETED] UTM Consistency Manager initialized
[2025-09-28 21:45:37] [INFO] [1.93MB] [no-session] Safe Variable Integration initialized
[2025-09-28 21:45:37] [INFO] [1.93MB] [OMPLETED] Lead Data Collector initialized
[2025-09-28 21:45:37] [INFO] [1.93MB] [no-session] UTM Consistency Manager initialized
[2025-09-28 21:45:37] [INFO] [1.93MB] [OMPLETED] Unified Data Processor initialized
[2025-09-28 21:45:37] [INFO] [1.93MB] [no-session] Lead Data Collector initialized
[2025-09-28 21:45:37] [INFO] [1.93MB] [OMPLETED] Lead Conversion Tracker initialized
[2025-09-28 21:45:37] [INFO] [1.93MB] [no-session] Unified Data Processor initialized
[2025-09-28 21:45:37] [INFO] [1.93MB] [OMPLETED] Google Sheets Integration initialized
[2025-09-28 21:45:37] [INFO] [1.93MB] [no-session] Lead Conversion Tracker initialized
[2025-09-28 21:45:37] [INFO] [1.94MB] [OMPLETED] BSP_Frontend initialized
[2025-09-28 21:45:37] [INFO] [1.93MB] [no-session] Google Sheets Integration initialized
[2025-09-28 21:45:37] [INFO] [1.94MB] [OMPLETED] Registering frontend shortcodes
[2025-09-28 21:45:37] [INFO] [1.94MB] [no-session] BSP_Frontend initialized
[2025-09-28 21:45:37] [INFO] [1.95MB] [OMPLETED] Frontend shortcodes registered: booking_form, booking_calendar, booking_services, booking_system_form, bsp_test
[2025-09-28 21:45:37] [INFO] [1.94MB] [no-session] Registering frontend shortcodes
[2025-09-28 21:45:37] [INFO] [1.94MB] [no-session] Frontend shortcodes registered: booking_form, booking_calendar, booking_services, booking_system_form, bsp_test
[2025-09-28 21:45:37] [INFO] [1.96MB] [OMPLETED] BSP_Admin initialized
[2025-09-28 21:45:37] [INFO] [1.98MB] [OMPLETED] Admin hooks and AJAX handlers registered
[2025-09-28 21:45:37] [INFO] [1.96MB] [no-session] BSP_Admin initialized
[2025-09-28 21:45:37] [INFO] [2.01MB] [OMPLETED] Toast notification system initialized
[2025-09-28 21:45:37] [INFO] [1.97MB] [no-session] Admin hooks and AJAX handlers registered
[2025-09-28 21:45:37] [INFO] [2.01MB] [no-session] Toast notification system initialized
[2025-09-28 21:45:37] [INFO] [3.23MB] [OMPLETED] UTM parameters captured and set | {"utm_data":{"utm_source":"facebook","utm_medium":"cpc","utm_campaign":"lookalikeshowup","utm_term":"lacounty","referrer":"http:\/\/wordpress.local\/"},"source":"multiple_sources"}
[2025-09-28 21:45:37] [INFO] [3.23MB] [OMPLETED] Registering frontend shortcodes
[2025-09-28 21:45:37] [INFO] [3.23MB] [OMPLETED] Frontend shortcodes registered: booking_form, booking_calendar, booking_services, booking_system_form, bsp_test
[2025-09-28 21:45:37] [INFO] [3.62MB] [OMPLETED] BLOCKED: Incomplete lead capture for completed session | {"session_id":"session_1759072833261_0rspak2r_COMPLETED","trigger":"form_submit","blocked_at":"2025-09-28 21:45:37"}
[2025-09-28 21:45:37] [DEBUG] [3.62MB] [OMPLETED] === PLUGIN SHUTDOWN ===
[2025-09-28 21:45:37] [DEBUG] [3.62MB] [OMPLETED] Environment: local
[2025-09-28 21:45:37] [INFO] [3.23MB] [no-session] UTM parameters captured and set | {"utm_data":{"utm_source":"facebook","utm_medium":"cpc","utm_campaign":"lookalikeshowup","utm_term":"lacounty","referrer":"http:\/\/wordpress.local\/"},"source":"multiple_sources"}
[2025-09-28 21:45:37] [INFO] [3.23MB] [no-session] Registering frontend shortcodes
[2025-09-28 21:45:37] [INFO] [3.23MB] [no-session] Frontend shortcodes registered: booking_form, booking_calendar, booking_services, booking_system_form, bsp_test
[2025-09-28 21:45:37] [INFO] [3.62MB] [no-session] UTM data synchronized | {"client_data":{"utm_source":"facebook","utm_medium":"cpc","utm_campaign":"lookalikeshowup","utm_term":"lacounty","referrer":"http:\/\/wordpress.local\/"},"server_data":{"utm_source":"facebook","utm_medium":"cpc","utm_campaign":"lookalikeshowup","utm_term":"lacounty","referrer":"http:\/\/wordpress.local\/"},"merged_data":{"utm_source":"facebook","utm_medium":"cpc","utm_campaign":"lookalikeshowup","utm_term":"lacounty","referrer":"http:\/\/wordpress.local\/"}}
[2025-09-28 21:45:37] [DEBUG] [3.62MB] [no-session] === PLUGIN SHUTDOWN ===
[2025-09-28 21:45:37] [DEBUG] [3.62MB] [no-session] Environment: local
[2025-09-28 21:46:07] [INFO] [1.91MB] [no-session] Lead Data Collector initialized
[2025-09-28 21:46:07] [INFO] [1.91MB] [OMPLETED] Lead Data Collector initialized
[2025-09-28 21:46:07] [INFO] [1.91MB] [no-session] Unified Data Processor initialized
[2025-09-28 21:46:07] [INFO] [1.91MB] [OMPLETED] Unified Data Processor initialized
[2025-09-28 21:46:07] [INFO] [1.92MB] [OMPLETED] UTM Consistency Manager initialized
[2025-09-28 21:46:07] [INFO] [1.92MB] [no-session] UTM Consistency Manager initialized
[2025-09-28 21:46:07] [INFO] [1.92MB] [OMPLETED] Lead Conversion Tracker initialized
[2025-09-28 21:46:07] [INFO] [1.92MB] [no-session] Lead Conversion Tracker initialized
[2025-09-28 21:46:07] [INFO] [1.93MB] [OMPLETED] Google Sheets Integration initialized | {"webhook_configured":true}
[2025-09-28 21:46:07] [INFO] [1.93MB] [no-session] Google Sheets Integration initialized | {"webhook_configured":true}
[2025-09-28 21:46:07] [INFO] [1.93MB] [OMPLETED] BSP_Database_Unified initialized
[2025-09-28 21:46:07] [INFO] [1.93MB] [no-session] BSP_Database_Unified initialized
[2025-09-28 21:46:07] [INFO] [1.93MB] [OMPLETED] Database tables initialized | {"bookings":"wp_bsp_bookings","companies":"wp_bsp_companies","services":"wp_bsp_services","customers":"wp_bsp_customers","availability":"wp_bsp_availability","email_logs":"wp_bsp_email_logs","settings":"wp_bsp_settings","incomplete_leads":"wp_bsp_incomplete_leads"}
[2025-09-28 21:46:07] [INFO] [1.93MB] [no-session] Database tables initialized | {"bookings":"wp_bsp_bookings","companies":"wp_bsp_companies","services":"wp_bsp_services","customers":"wp_bsp_customers","availability":"wp_bsp_availability","email_logs":"wp_bsp_email_logs","settings":"wp_bsp_settings","incomplete_leads":"wp_bsp_incomplete_leads"}
[2025-09-28 21:46:07] [INFO] [1.93MB] [OMPLETED] Safe Variable Integration initialized
[2025-09-28 21:46:07] [INFO] [1.93MB] [no-session] Safe Variable Integration initialized
[2025-09-28 21:46:07] [INFO] [1.93MB] [OMPLETED] UTM Consistency Manager initialized
[2025-09-28 21:46:07] [INFO] [1.93MB] [no-session] UTM Consistency Manager initialized
[2025-09-28 21:46:07] [INFO] [1.93MB] [OMPLETED] Lead Data Collector initialized
[2025-09-28 21:46:07] [INFO] [1.93MB] [no-session] Lead Data Collector initialized
[2025-09-28 21:46:07] [INFO] [1.93MB] [OMPLETED] Unified Data Processor initialized
[2025-09-28 21:46:07] [INFO] [1.93MB] [no-session] Unified Data Processor initialized
[2025-09-28 21:46:07] [INFO] [1.93MB] [OMPLETED] Lead Conversion Tracker initialized
[2025-09-28 21:46:07] [INFO] [1.93MB] [no-session] Lead Conversion Tracker initialized
[2025-09-28 21:46:07] [INFO] [1.93MB] [OMPLETED] Google Sheets Integration initialized
[2025-09-28 21:46:07] [INFO] [1.93MB] [no-session] Google Sheets Integration initialized
[2025-09-28 21:46:07] [INFO] [1.94MB] [no-session] BSP_Frontend initialized
[2025-09-28 21:46:07] [INFO] [1.94MB] [OMPLETED] BSP_Frontend initialized
[2025-09-28 21:46:07] [INFO] [1.94MB] [no-session] Registering frontend shortcodes
[2025-09-28 21:46:07] [INFO] [1.94MB] [OMPLETED] Registering frontend shortcodes
[2025-09-28 21:46:07] [INFO] [1.94MB] [no-session] Frontend shortcodes registered: booking_form, booking_calendar, booking_services, booking_system_form, bsp_test
[2025-09-28 21:46:07] [INFO] [1.95MB] [OMPLETED] Frontend shortcodes registered: booking_form, booking_calendar, booking_services, booking_system_form, bsp_test
[2025-09-28 21:46:07] [INFO] [1.96MB] [no-session] BSP_Admin initialized
[2025-09-28 21:46:07] [INFO] [1.96MB] [OMPLETED] BSP_Admin initialized
[2025-09-28 21:46:07] [INFO] [1.97MB] [no-session] Admin hooks and AJAX handlers registered
[2025-09-28 21:46:07] [INFO] [1.98MB] [OMPLETED] Admin hooks and AJAX handlers registered
[2025-09-28 21:46:07] [INFO] [2.01MB] [no-session] Toast notification system initialized
[2025-09-28 21:46:07] [INFO] [2.01MB] [OMPLETED] Toast notification system initialized
[2025-09-28 21:46:07] [INFO] [3.23MB] [OMPLETED] UTM parameters captured and set | {"utm_data":{"utm_source":"facebook","utm_medium":"cpc","utm_campaign":"lookalikeshowup","utm_term":"lacounty","referrer":"http:\/\/wordpress.local\/"},"source":"multiple_sources"}
[2025-09-28 21:46:07] [INFO] [3.23MB] [OMPLETED] Registering frontend shortcodes
[2025-09-28 21:46:07] [INFO] [3.23MB] [OMPLETED] Frontend shortcodes registered: booking_form, booking_calendar, booking_services, booking_system_form, bsp_test
[2025-09-28 21:46:07] [INFO] [3.23MB] [no-session] UTM parameters captured and set | {"utm_data":{"utm_source":"facebook","utm_medium":"cpc","utm_campaign":"lookalikeshowup","utm_term":"lacounty","referrer":"http:\/\/wordpress.local\/"},"source":"multiple_sources"}
[2025-09-28 21:46:07] [INFO] [3.23MB] [no-session] Registering frontend shortcodes
[2025-09-28 21:46:07] [INFO] [3.23MB] [no-session] Frontend shortcodes registered: booking_form, booking_calendar, booking_services, booking_system_form, bsp_test
[2025-09-28 21:46:07] [INFO] [3.62MB] [OMPLETED] BLOCKED: Incomplete lead capture for completed session | {"session_id":"session_1759072833261_0rspak2r_COMPLETED","trigger":"form_submit","blocked_at":"2025-09-28 21:46:07"}
[2025-09-28 21:46:07] [INFO] [3.62MB] [no-session] UTM data synchronized | {"client_data":{"utm_source":"facebook","utm_medium":"cpc","utm_campaign":"lookalikeshowup","utm_term":"lacounty","referrer":"http:\/\/wordpress.local\/"},"server_data":{"utm_source":"facebook","utm_medium":"cpc","utm_campaign":"lookalikeshowup","utm_term":"lacounty","referrer":"http:\/\/wordpress.local\/"},"merged_data":{"utm_source":"facebook","utm_medium":"cpc","utm_campaign":"lookalikeshowup","utm_term":"lacounty","referrer":"http:\/\/wordpress.local\/"}}
[2025-09-28 21:46:07] [DEBUG] [3.62MB] [OMPLETED] === PLUGIN SHUTDOWN ===
[2025-09-28 21:46:07] [DEBUG] [3.62MB] [no-session] === PLUGIN SHUTDOWN ===
[2025-09-28 21:46:07] [DEBUG] [3.62MB] [OMPLETED] Environment: local
[2025-09-28 21:46:07] [DEBUG] [3.62MB] [no-session] Environment: local
